Línea 121: la clase MSAdodcLib.Adodc del control Data1 no era una clase de control cargada.
Línea 168: la clase MSComctlLib.Toolbar del control Toolbar1 no era una clase de control cargada.
Línea 274: la clase MSAdodcLib.Adodc del control Data2 no era una clase de control cargada.
Línea 321: la clase TabDlg.SSTab del control SSTab1 no era una clase de control cargada.
Línea 1085: la clase MSDataGridLib.DataGrid del control DataGrid1 no era una clase de control cargada.
Línea 1155: la clase MSDataGridLib.DataGrid del control DataGrid2 no era una clase de control cargada.
Línea 1225: la clase MSDataGridLib.DataGrid del control DataGrid3 no era una clase de control cargada.
Línea 1295: la clase MSDataGridLib.DataGrid del control DataGrid4 no era una clase de control cargada.
Línea 1365: la clase MSDataGridLib.DataGrid del control DataGrid5 no era una clase de control cargada.
Línea 1574: la clase MSAdodcLib.Adodc del control Data3 no era una clase de control cargada.
Línea 1621: la clase MSAdodcLib.Adodc del control Data4 no era una clase de control cargada.
Línea 1668: la clase MSAdodcLib.Adodc del control Data5 no era una clase de control cargada.
Línea 1715: la clase MSAdodcLib.Adodc del control Data6 no era una clase de control cargada.
Línea 127: el nombre de la propiedad _ExtentX de Data1 no es válido.
Línea 128: el nombre de la propiedad _ExtentY de Data1 no es válido.
Línea 129: el nombre de la propiedad ConnectMode de Data1 no es válido.
Línea 130: el nombre de la propiedad CursorLocation de Data1 no es válido.
Línea 131: el nombre de la propiedad IsolationLevel de Data1 no es válido.
Línea 132: el nombre de la propiedad ConnectionTimeout de Data1 no es válido.
Línea 133: el nombre de la propiedad CommandTimeout de Data1 no es válido.
Línea 134: el nombre de la propiedad CursorType de Data1 no es válido.
Línea 135: el nombre de la propiedad LockType de Data1 no es válido.
Línea 136: el nombre de la propiedad CommandType de Data1 no es válido.
Línea 137: el nombre de la propiedad CursorOptions de Data1 no es válido.
Línea 138: el nombre de la propiedad CacheSize de Data1 no es válido.
Línea 139: el nombre de la propiedad MaxRecords de Data1 no es válido.
Línea 140: el nombre de la propiedad BOFAction de Data1 no es válido.
Línea 141: el nombre de la propiedad EOFAction de Data1 no es válido.
Línea 142: el nombre de la propiedad ConnectStringType de Data1 no es válido.
Línea 146: el nombre de la propiedad Orientation de Data1 no es válido.
Línea 148: el nombre de la propiedad Connect de Data1 no es válido.
Línea 149: el nombre de la propiedad OLEDBString de Data1 no es válido.
Línea 150: el nombre de la propiedad OLEDBFile de Data1 no es válido.
Línea 151: el nombre de la propiedad DataSourceName de Data1 no es válido.
Línea 152: el nombre de la propiedad OtherAttributes de Data1 no es válido.
Línea 153: el nombre de la propiedad UserName de Data1 no es válido.
Línea 154: el nombre de la propiedad Password de Data1 no es válido.
Línea 155: el nombre de la propiedad RecordSource de Data1 no es válido.
Línea 156: el nombre de la propiedad Caption de Data1 no es válido.
Línea 166: el nombre de la propiedad _Version de Data1 no es válido.
Línea 175: el nombre de la propiedad _ExtentX de Toolbar1 no es válido.
Línea 176: el nombre de la propiedad _ExtentY de Toolbar1 no es válido.
Línea 177: el nombre de la propiedad ButtonWidth de Toolbar1 no es válido.
Línea 178: el nombre de la propiedad ButtonHeight de Toolbar1 no es válido.
Línea 179: el nombre de la propiedad AllowCustomize de Toolbar1 no es válido.
Línea 181: el nombre de la propiedad _Version de Toolbar1 no es válido.
Línea 264: el nombre de la propiedad Buttons de Toolbar1 no es válido.
Línea 280: el nombre de la propiedad _ExtentX de Data2 no es válido.
Línea 281: el nombre de la propiedad _ExtentY de Data2 no es válido.
Línea 282: el nombre de la propiedad ConnectMode de Data2 no es válido.
Línea 283: el nombre de la propiedad CursorLocation de Data2 no es válido.
Línea 284: el nombre de la propiedad IsolationLevel de Data2 no es válido.
Línea 285: el nombre de la propiedad ConnectionTimeout de Data2 no es válido.
Línea 286: el nombre de la propiedad CommandTimeout de Data2 no es válido.
Línea 287: el nombre de la propiedad CursorType de Data2 no es válido.
Línea 288: el nombre de la propiedad LockType de Data2 no es válido.
Línea 289: el nombre de la propiedad CommandType de Data2 no es válido.
Línea 290: el nombre de la propiedad CursorOptions de Data2 no es válido.
Línea 291: el nombre de la propiedad CacheSize de Data2 no es válido.
Línea 292: el nombre de la propiedad MaxRecords de Data2 no es válido.
Línea 293: el nombre de la propiedad BOFAction de Data2 no es válido.
Línea 294: el nombre de la propiedad EOFAction de Data2 no es válido.
Línea 295: el nombre de la propiedad ConnectStringType de Data2 no es válido.
Línea 299: el nombre de la propiedad Orientation de Data2 no es válido.
Línea 301: el nombre de la propiedad Connect de Data2 no es válido.
Línea 302: el nombre de la propiedad OLEDBString de Data2 no es válido.
Línea 303: el nombre de la propiedad OLEDBFile de Data2 no es válido.
Línea 304: el nombre de la propiedad DataSourceName de Data2 no es válido.
Línea 305: el nombre de la propiedad OtherAttributes de Data2 no es válido.
Línea 306: el nombre de la propiedad UserName de Data2 no es válido.
Línea 307: el nombre de la propiedad Password de Data2 no es válido.
Línea 308: el nombre de la propiedad RecordSource de Data2 no es válido.
Línea 309: el nombre de la propiedad Caption de Data2 no es válido.
Línea 319: el nombre de la propiedad _Version de Data2 no es válido.
Línea 327: el nombre de la propiedad _ExtentX de SSTab1 no es válido.
Línea 328: el nombre de la propiedad _ExtentY de SSTab1 no es válido.
Línea 329: el nombre de la propiedad _Version de SSTab1 no es válido.
Línea 330: el nombre de la propiedad Style de SSTab1 no es válido.
Línea 331: el nombre de la propiedad Tabs de SSTab1 no es válido.
Línea 332: el nombre de la propiedad TabsPerRow de SSTab1 no es válido.
Línea 333: el nombre de la propiedad TabHeight de SSTab1 no es válido.
Línea 334: el nombre de la propiedad TabCaption(0) de SSTab1 no es válido.
Línea 335: el nombre de la propiedad TabPicture(0) de SSTab1 no es válido.
Línea 336: el nombre de la propiedad Tab(0).ControlEnabled de SSTab1 no es válido.
Línea 337: el nombre de la propiedad Tab(0).Control(0) de SSTab1 no es válido.
Línea 338: el nombre de la propiedad Tab(0).Control(0).Enabled de SSTab1 no es válido.
Línea 339: el nombre de la propiedad Tab(0).Control(1) de SSTab1 no es válido.
Línea 340: el nombre de la propiedad Tab(0).Control(1).Enabled de SSTab1 no es válido.
Línea 341: el nombre de la propiedad Tab(0).Control(2) de SSTab1 no es válido.
Línea 342: el nombre de la propiedad Tab(0).Control(2).Enabled de SSTab1 no es válido.
Línea 343: el nombre de la propiedad Tab(0).Control(3) de SSTab1 no es válido.
Línea 344: el nombre de la propiedad Tab(0).Control(3).Enabled de SSTab1 no es válido.
Línea 345: el nombre de la propiedad Tab(0).Control(4) de SSTab1 no es válido.
Línea 346: el nombre de la propiedad Tab(0).Control(4).Enabled de SSTab1 no es válido.
Línea 347: el nombre de la propiedad Tab(0).Control(5) de SSTab1 no es válido.
Línea 348: el nombre de la propiedad Tab(0).Control(5).Enabled de SSTab1 no es válido.
Línea 349: el nombre de la propiedad Tab(0).Control(6) de SSTab1 no es válido.
Línea 350: el nombre de la propiedad Tab(0).Control(6).Enabled de SSTab1 no es válido.
Línea 351: el nombre de la propiedad Tab(0).Control(7) de SSTab1 no es válido.
Línea 352: el nombre de la propiedad Tab(0).Control(7).Enabled de SSTab1 no es válido.
Línea 353: el nombre de la propiedad Tab(0).Control(8) de SSTab1 no es válido.
Línea 354: el nombre de la propiedad Tab(0).Control(8).Enabled de SSTab1 no es válido.
Línea 355: el nombre de la propiedad Tab(0).Control(9) de SSTab1 no es válido.
Línea 356: el nombre de la propiedad Tab(0).Control(9).Enabled de SSTab1 no es válido.
Línea 357: el nombre de la propiedad Tab(0).Control(10) de SSTab1 no es válido.
Línea 358: el nombre de la propiedad Tab(0).Control(10).Enabled de SSTab1 no es válido.
Línea 359: el nombre de la propiedad Tab(0).Control(11) de SSTab1 no es válido.
Línea 360: el nombre de la propiedad Tab(0).Control(11).Enabled de SSTab1 no es válido.
Línea 361: el nombre de la propiedad Tab(0).Control(12) de SSTab1 no es válido.
Línea 362: el nombre de la propiedad Tab(0).Control(12).Enabled de SSTab1 no es válido.
Línea 363: el nombre de la propiedad Tab(0).Control(13) de SSTab1 no es válido.
Línea 364: el nombre de la propiedad Tab(0).Control(13).Enabled de SSTab1 no es válido.
Línea 365: el nombre de la propiedad Tab(0).Control(14) de SSTab1 no es válido.
Línea 366: el nombre de la propiedad Tab(0).Control(14).Enabled de SSTab1 no es válido.
Línea 367: el nombre de la propiedad Tab(0).Control(15) de SSTab1 no es válido.
Línea 368: el nombre de la propiedad Tab(0).Control(15).Enabled de SSTab1 no es válido.
Línea 369: el nombre de la propiedad Tab(0).Control(16) de SSTab1 no es válido.
Línea 370: el nombre de la propiedad Tab(0).Control(16).Enabled de SSTab1 no es válido.
Línea 371: el nombre de la propiedad Tab(0).Control(17) de SSTab1 no es válido.
Línea 372: el nombre de la propiedad Tab(0).Control(17).Enabled de SSTab1 no es válido.
Línea 373: el nombre de la propiedad Tab(0).Control(18) de SSTab1 no es válido.
Línea 374: el nombre de la propiedad Tab(0).Control(18).Enabled de SSTab1 no es válido.
Línea 375: el nombre de la propiedad Tab(0).Control(19) de SSTab1 no es válido.
Línea 376: el nombre de la propiedad Tab(0).Control(19).Enabled de SSTab1 no es válido.
Línea 377: el nombre de la propiedad Tab(0).Control(20) de SSTab1 no es válido.
Línea 378: el nombre de la propiedad Tab(0).Control(20).Enabled de SSTab1 no es válido.
Línea 379: el nombre de la propiedad Tab(0).Control(21) de SSTab1 no es válido.
Línea 380: el nombre de la propiedad Tab(0).Control(21).Enabled de SSTab1 no es válido.
Línea 381: el nombre de la propiedad Tab(0).Control(22) de SSTab1 no es válido.
Línea 382: el nombre de la propiedad Tab(0).Control(22).Enabled de SSTab1 no es válido.
Línea 383: el nombre de la propiedad Tab(0).Control(23) de SSTab1 no es válido.
Línea 384: el nombre de la propiedad Tab(0).Control(23).Enabled de SSTab1 no es válido.
Línea 385: el nombre de la propiedad Tab(0).Control(24) de SSTab1 no es válido.
Línea 386: el nombre de la propiedad Tab(0).Control(24).Enabled de SSTab1 no es válido.
Línea 387: el nombre de la propiedad Tab(0).Control(25) de SSTab1 no es válido.
Línea 388: el nombre de la propiedad Tab(0).Control(25).Enabled de SSTab1 no es válido.
Línea 389: el nombre de la propiedad Tab(0).Control(26) de SSTab1 no es válido.
Línea 390: el nombre de la propiedad Tab(0).Control(26).Enabled de SSTab1 no es válido.
Línea 391: el nombre de la propiedad Tab(0).Control(27) de SSTab1 no es válido.
Línea 392: el nombre de la propiedad Tab(0).Control(27).Enabled de SSTab1 no es válido.
Línea 393: el nombre de la propiedad Tab(0).Control(28) de SSTab1 no es válido.
Línea 394: el nombre de la propiedad Tab(0).Control(28).Enabled de SSTab1 no es válido.
Línea 395: el nombre de la propiedad Tab(0).Control(29) de SSTab1 no es válido.
Línea 396: el nombre de la propiedad Tab(0).Control(29).Enabled de SSTab1 no es válido.
Línea 397: el nombre de la propiedad Tab(0).ControlCount de SSTab1 no es válido.
Línea 398: el nombre de la propiedad TabCaption(1) de SSTab1 no es válido.
Línea 399: el nombre de la propiedad TabPicture(1) de SSTab1 no es válido.
Línea 400: el nombre de la propiedad Tab(1).ControlEnabled de SSTab1 no es válido.
Línea 401: el nombre de la propiedad Tab(1).Control(0) de SSTab1 no es válido.
Línea 402: el nombre de la propiedad Tab(1).Control(1) de SSTab1 no es válido.
Línea 403: el nombre de la propiedad Tab(1).Control(2) de SSTab1 no es válido.
Línea 404: el nombre de la propiedad Tab(1).ControlCount de SSTab1 no es válido.
Línea 405: el nombre de la propiedad TabCaption(2) de SSTab1 no es válido.
Línea 406: el nombre de la propiedad TabPicture(2) de SSTab1 no es válido.
Línea 407: el nombre de la propiedad Tab(2).ControlEnabled de SSTab1 no es válido.
Línea 408: el nombre de la propiedad Tab(2).Control(0) de SSTab1 no es válido.
Línea 409: el nombre de la propiedad Tab(2).Control(1) de SSTab1 no es válido.
Línea 410: el nombre de la propiedad Tab(2).ControlCount de SSTab1 no es válido.
Línea 411: el nombre de la propiedad TabCaption(3) de SSTab1 no es válido.
Línea 412: el nombre de la propiedad TabPicture(3) de SSTab1 no es válido.
Línea 413: el nombre de la propiedad Tab(3).ControlEnabled de SSTab1 no es válido.
Línea 414: el nombre de la propiedad Tab(3).Control(0) de SSTab1 no es válido.
Línea 415: el nombre de la propiedad Tab(3).Control(1) de SSTab1 no es válido.
Línea 416: el nombre de la propiedad Tab(3).Control(2) de SSTab1 no es válido.
Línea 417: el nombre de la propiedad Tab(3).ControlCount de SSTab1 no es válido.
Línea 418: el nombre de la propiedad TabCaption(4) de SSTab1 no es válido.
Línea 419: el nombre de la propiedad TabPicture(4) de SSTab1 no es válido.
Línea 420: el nombre de la propiedad Tab(4).ControlEnabled de SSTab1 no es válido.
Línea 421: el nombre de la propiedad Tab(4).Control(0) de SSTab1 no es válido.
Línea 422: el nombre de la propiedad Tab(4).Control(1) de SSTab1 no es válido.
Línea 423: el nombre de la propiedad Tab(4).Control(2) de SSTab1 no es válido.
Línea 424: el nombre de la propiedad Tab(4).Control(3) de SSTab1 no es válido.
Línea 425: el nombre de la propiedad Tab(4).Control(4) de SSTab1 no es válido.
Línea 426: el nombre de la propiedad Tab(4).Control(5) de SSTab1 no es válido.
Línea 427: el nombre de la propiedad Tab(4).ControlCount de SSTab1 no es válido.
Línea 428: el nombre de la propiedad TabCaption(5) de SSTab1 no es válido.
Línea 429: el nombre de la propiedad TabPicture(5) de SSTab1 no es válido.
Línea 430: el nombre de la propiedad Tab(5).ControlEnabled de SSTab1 no es válido.
Línea 431: el nombre de la propiedad Tab(5).Control(0) de SSTab1 no es válido.
Línea 432: el nombre de la propiedad Tab(5).Control(1) de SSTab1 no es válido.
Línea 433: el nombre de la propiedad Tab(5).Control(2) de SSTab1 no es válido.
Línea 434: el nombre de la propiedad Tab(5).Control(3) de SSTab1 no es válido.
Línea 435: el nombre de la propiedad Tab(5).ControlCount de SSTab1 no es válido.
Línea 1086: el nombre de la propiedad Bindings de DataGrid1 no es válido.
Línea 1092: el nombre de la propiedad _ExtentX de DataGrid1 no es válido.
Línea 1093: el nombre de la propiedad _ExtentY de DataGrid1 no es válido.
Línea 1094: el nombre de la propiedad _Version de DataGrid1 no es válido.
Línea 1095: el nombre de la propiedad AllowUpdate de DataGrid1 no es válido.
Línea 1096: el nombre de la propiedad AllowArrows de DataGrid1 no es válido.
Línea 1098: el nombre de la propiedad ColumnHeaders de DataGrid1 no es válido.
Línea 1099: el nombre de la propiedad HeadLines de DataGrid1 no es válido.
Línea 1100: el nombre de la propiedad RowHeight de DataGrid1 no es válido.
Línea 1101: el nombre de la propiedad FormatLocked de DataGrid1 no es válido.
Línea 1110: el nombre de la propiedad HeadFont de DataGrid1 no es válido.
Línea 1120: el nombre de la propiedad ColumnCount de DataGrid1 no es válido.
Línea 1133: el nombre de la propiedad Column00 de DataGrid1 no es válido.
Línea 1146: el nombre de la propiedad Column01 de DataGrid1 no es válido.
Línea 1147: el nombre de la propiedad SplitCount de DataGrid1 no es válido.
Línea 1153: el nombre de la propiedad Split0 de DataGrid1 no es válido.
Línea 1156: el nombre de la propiedad Bindings de DataGrid2 no es válido.
Línea 1162: el nombre de la propiedad _ExtentX de DataGrid2 no es válido.
Línea 1163: el nombre de la propiedad _ExtentY de DataGrid2 no es válido.
Línea 1164: el nombre de la propiedad _Version de DataGrid2 no es válido.
Línea 1165: el nombre de la propiedad AllowUpdate de DataGrid2 no es válido.
Línea 1166: el nombre de la propiedad AllowArrows de DataGrid2 no es válido.
Línea 1168: el nombre de la propiedad ColumnHeaders de DataGrid2 no es válido.
Línea 1169: el nombre de la propiedad HeadLines de DataGrid2 no es válido.
Línea 1170: el nombre de la propiedad RowHeight de DataGrid2 no es válido.
Línea 1171: el nombre de la propiedad FormatLocked de DataGrid2 no es válido.
Línea 1180: el nombre de la propiedad HeadFont de DataGrid2 no es válido.
Línea 1190: el nombre de la propiedad ColumnCount de DataGrid2 no es válido.
Línea 1203: el nombre de la propiedad Column00 de DataGrid2 no es válido.
Línea 1216: el nombre de la propiedad Column01 de DataGrid2 no es válido.
Línea 1217: el nombre de la propiedad SplitCount de DataGrid2 no es válido.
Línea 1223: el nombre de la propiedad Split0 de DataGrid2 no es válido.
Línea 1226: el nombre de la propiedad Bindings de DataGrid3 no es válido.
Línea 1232: el nombre de la propiedad _ExtentX de DataGrid3 no es válido.
Línea 1233: el nombre de la propiedad _ExtentY de DataGrid3 no es válido.
Línea 1234: el nombre de la propiedad _Version de DataGrid3 no es válido.
Línea 1235: el nombre de la propiedad AllowUpdate de DataGrid3 no es válido.
Línea 1236: el nombre de la propiedad AllowArrows de DataGrid3 no es válido.
Línea 1238: el nombre de la propiedad ColumnHeaders de DataGrid3 no es válido.
Línea 1239: el nombre de la propiedad HeadLines de DataGrid3 no es válido.
Línea 1240: el nombre de la propiedad RowHeight de DataGrid3 no es válido.
Línea 1241: el nombre de la propiedad FormatLocked de DataGrid3 no es válido.
Línea 1250: el nombre de la propiedad HeadFont de DataGrid3 no es válido.
Línea 1260: el nombre de la propiedad ColumnCount de DataGrid3 no es válido.
Línea 1273: el nombre de la propiedad Column00 de DataGrid3 no es válido.
Línea 1286: el nombre de la propiedad Column01 de DataGrid3 no es válido.
Línea 1287: el nombre de la propiedad SplitCount de DataGrid3 no es válido.
Línea 1293: el nombre de la propiedad Split0 de DataGrid3 no es válido.
Línea 1296: el nombre de la propiedad Bindings de DataGrid4 no es válido.
Línea 1302: el nombre de la propiedad _ExtentX de DataGrid4 no es válido.
Línea 1303: el nombre de la propiedad _ExtentY de DataGrid4 no es válido.
Línea 1304: el nombre de la propiedad _Version de DataGrid4 no es válido.
Línea 1305: el nombre de la propiedad AllowUpdate de DataGrid4 no es válido.
Línea 1306: el nombre de la propiedad AllowArrows de DataGrid4 no es válido.
Línea 1308: el nombre de la propiedad ColumnHeaders de DataGrid4 no es válido.
Línea 1309: el nombre de la propiedad HeadLines de DataGrid4 no es válido.
Línea 1310: el nombre de la propiedad RowHeight de DataGrid4 no es válido.
Línea 1311: el nombre de la propiedad FormatLocked de DataGrid4 no es válido.
Línea 1320: el nombre de la propiedad HeadFont de DataGrid4 no es válido.
Línea 1330: el nombre de la propiedad ColumnCount de DataGrid4 no es válido.
Línea 1343: el nombre de la propiedad Column00 de DataGrid4 no es válido.
Línea 1356: el nombre de la propiedad Column01 de DataGrid4 no es válido.
Línea 1357: el nombre de la propiedad SplitCount de DataGrid4 no es válido.
Línea 1363: el nombre de la propiedad Split0 de DataGrid4 no es válido.
Línea 1366: el nombre de la propiedad Bindings de DataGrid5 no es válido.
Línea 1372: el nombre de la propiedad _ExtentX de DataGrid5 no es válido.
Línea 1373: el nombre de la propiedad _ExtentY de DataGrid5 no es válido.
Línea 1374: el nombre de la propiedad _Version de DataGrid5 no es válido.
Línea 1375: el nombre de la propiedad AllowUpdate de DataGrid5 no es válido.
Línea 1376: el nombre de la propiedad AllowArrows de DataGrid5 no es válido.
Línea 1378: el nombre de la propiedad ColumnHeaders de DataGrid5 no es válido.
Línea 1379: el nombre de la propiedad HeadLines de DataGrid5 no es válido.
Línea 1380: el nombre de la propiedad RowHeight de DataGrid5 no es válido.
Línea 1381: el nombre de la propiedad FormatLocked de DataGrid5 no es válido.
Línea 1390: el nombre de la propiedad HeadFont de DataGrid5 no es válido.
Línea 1400: el nombre de la propiedad ColumnCount de DataGrid5 no es válido.
Línea 1413: el nombre de la propiedad Column00 de DataGrid5 no es válido.
Línea 1426: el nombre de la propiedad Column01 de DataGrid5 no es válido.
Línea 1427: el nombre de la propiedad SplitCount de DataGrid5 no es válido.
Línea 1433: el nombre de la propiedad Split0 de DataGrid5 no es válido.
Línea 1580: el nombre de la propiedad _ExtentX de Data3 no es válido.
Línea 1581: el nombre de la propiedad _ExtentY de Data3 no es válido.
Línea 1582: el nombre de la propiedad ConnectMode de Data3 no es válido.
Línea 1583: el nombre de la propiedad CursorLocation de Data3 no es válido.
Línea 1584: el nombre de la propiedad IsolationLevel de Data3 no es válido.
Línea 1585: el nombre de la propiedad ConnectionTimeout de Data3 no es válido.
Línea 1586: el nombre de la propiedad CommandTimeout de Data3 no es válido.
Línea 1587: el nombre de la propiedad CursorType de Data3 no es válido.
Línea 1588: el nombre de la propiedad LockType de Data3 no es válido.
Línea 1589: el nombre de la propiedad CommandType de Data3 no es válido.
Línea 1590: el nombre de la propiedad CursorOptions de Data3 no es válido.
Línea 1591: el nombre de la propiedad CacheSize de Data3 no es válido.
Línea 1592: el nombre de la propiedad MaxRecords de Data3 no es válido.
Línea 1593: el nombre de la propiedad BOFAction de Data3 no es válido.
Línea 1594: el nombre de la propiedad EOFAction de Data3 no es válido.
Línea 1595: el nombre de la propiedad ConnectStringType de Data3 no es válido.
Línea 1599: el nombre de la propiedad Orientation de Data3 no es válido.
Línea 1601: el nombre de la propiedad Connect de Data3 no es válido.
Línea 1602: el nombre de la propiedad OLEDBString de Data3 no es válido.
Línea 1603: el nombre de la propiedad OLEDBFile de Data3 no es válido.
Línea 1604: el nombre de la propiedad DataSourceName de Data3 no es válido.
Línea 1605: el nombre de la propiedad OtherAttributes de Data3 no es válido.
Línea 1606: el nombre de la propiedad UserName de Data3 no es válido.
Línea 1607: el nombre de la propiedad Password de Data3 no es válido.
Línea 1608: el nombre de la propiedad RecordSource de Data3 no es válido.
Línea 1609: el nombre de la propiedad Caption de Data3 no es válido.
Línea 1619: el nombre de la propiedad _Version de Data3 no es válido.
Línea 1627: el nombre de la propiedad _ExtentX de Data4 no es válido.
Línea 1628: el nombre de la propiedad _ExtentY de Data4 no es válido.
Línea 1629: el nombre de la propiedad ConnectMode de Data4 no es válido.
Línea 1630: el nombre de la propiedad CursorLocation de Data4 no es válido.
Línea 1631: el nombre de la propiedad IsolationLevel de Data4 no es válido.
Línea 1632: el nombre de la propiedad ConnectionTimeout de Data4 no es válido.
Línea 1633: el nombre de la propiedad CommandTimeout de Data4 no es válido.
Línea 1634: el nombre de la propiedad CursorType de Data4 no es válido.
Línea 1635: el nombre de la propiedad LockType de Data4 no es válido.
Línea 1636: el nombre de la propiedad CommandType de Data4 no es válido.
Línea 1637: el nombre de la propiedad CursorOptions de Data4 no es válido.
Línea 1638: el nombre de la propiedad CacheSize de Data4 no es válido.
Línea 1639: el nombre de la propiedad MaxRecords de Data4 no es válido.
Línea 1640: el nombre de la propiedad BOFAction de Data4 no es válido.
Línea 1641: el nombre de la propiedad EOFAction de Data4 no es válido.
Línea 1642: el nombre de la propiedad ConnectStringType de Data4 no es válido.
Línea 1646: el nombre de la propiedad Orientation de Data4 no es válido.
Línea 1648: el nombre de la propiedad Connect de Data4 no es válido.
Línea 1649: el nombre de la propiedad OLEDBString de Data4 no es válido.
Línea 1650: el nombre de la propiedad OLEDBFile de Data4 no es válido.
Línea 1651: el nombre de la propiedad DataSourceName de Data4 no es válido.
Línea 1652: el nombre de la propiedad OtherAttributes de Data4 no es válido.
Línea 1653: el nombre de la propiedad UserName de Data4 no es válido.
Línea 1654: el nombre de la propiedad Password de Data4 no es válido.
Línea 1655: el nombre de la propiedad RecordSource de Data4 no es válido.
Línea 1656: el nombre de la propiedad Caption de Data4 no es válido.
Línea 1666: el nombre de la propiedad _Version de Data4 no es válido.
Línea 1674: el nombre de la propiedad _ExtentX de Data5 no es válido.
Línea 1675: el nombre de la propiedad _ExtentY de Data5 no es válido.
Línea 1676: el nombre de la propiedad ConnectMode de Data5 no es válido.
Línea 1677: el nombre de la propiedad CursorLocation de Data5 no es válido.
Línea 1678: el nombre de la propiedad IsolationLevel de Data5 no es válido.
Línea 1679: el nombre de la propiedad ConnectionTimeout de Data5 no es válido.
Línea 1680: el nombre de la propiedad CommandTimeout de Data5 no es válido.
Línea 1681: el nombre de la propiedad CursorType de Data5 no es válido.
Línea 1682: el nombre de la propiedad LockType de Data5 no es válido.
Línea 1683: el nombre de la propiedad CommandType de Data5 no es válido.
Línea 1684: el nombre de la propiedad CursorOptions de Data5 no es válido.
Línea 1685: el nombre de la propiedad CacheSize de Data5 no es válido.
Línea 1686: el nombre de la propiedad MaxRecords de Data5 no es válido.
Línea 1687: el nombre de la propiedad BOFAction de Data5 no es válido.
Línea 1688: el nombre de la propiedad EOFAction de Data5 no es válido.
Línea 1689: el nombre de la propiedad ConnectStringType de Data5 no es válido.
Línea 1693: el nombre de la propiedad Orientation de Data5 no es válido.
Línea 1695: el nombre de la propiedad Connect de Data5 no es válido.
Línea 1696: el nombre de la propiedad OLEDBString de Data5 no es válido.
Línea 1697: el nombre de la propiedad OLEDBFile de Data5 no es válido.
Línea 1698: el nombre de la propiedad DataSourceName de Data5 no es válido.
Línea 1699: el nombre de la propiedad OtherAttributes de Data5 no es válido.
Línea 1700: el nombre de la propiedad UserName de Data5 no es válido.
Línea 1701: el nombre de la propiedad Password de Data5 no es válido.
Línea 1702: el nombre de la propiedad RecordSource de Data5 no es válido.
Línea 1703: el nombre de la propiedad Caption de Data5 no es válido.
Línea 1713: el nombre de la propiedad _Version de Data5 no es válido.
Línea 1721: el nombre de la propiedad _ExtentX de Data6 no es válido.
Línea 1722: el nombre de la propiedad _ExtentY de Data6 no es válido.
Línea 1723: el nombre de la propiedad ConnectMode de Data6 no es válido.
Línea 1724: el nombre de la propiedad CursorLocation de Data6 no es válido.
Línea 1725: el nombre de la propiedad IsolationLevel de Data6 no es válido.
Línea 1726: el nombre de la propiedad ConnectionTimeout de Data6 no es válido.
Línea 1727: el nombre de la propiedad CommandTimeout de Data6 no es válido.
Línea 1728: el nombre de la propiedad CursorType de Data6 no es válido.
Línea 1729: el nombre de la propiedad LockType de Data6 no es válido.
Línea 1730: el nombre de la propiedad CommandType de Data6 no es válido.
Línea 1731: el nombre de la propiedad CursorOptions de Data6 no es válido.
Línea 1732: el nombre de la propiedad CacheSize de Data6 no es válido.
Línea 1733: el nombre de la propiedad MaxRecords de Data6 no es válido.
Línea 1734: el nombre de la propiedad BOFAction de Data6 no es válido.
Línea 1735: el nombre de la propiedad EOFAction de Data6 no es válido.
Línea 1736: el nombre de la propiedad ConnectStringType de Data6 no es válido.
Línea 1740: el nombre de la propiedad Orientation de Data6 no es válido.
Línea 1742: el nombre de la propiedad Connect de Data6 no es válido.
Línea 1743: el nombre de la propiedad OLEDBString de Data6 no es válido.
Línea 1744: el nombre de la propiedad OLEDBFile de Data6 no es válido.
Línea 1745: el nombre de la propiedad DataSourceName de Data6 no es válido.
Línea 1746: el nombre de la propiedad OtherAttributes de Data6 no es válido.
Línea 1747: el nombre de la propiedad UserName de Data6 no es válido.
Línea 1748: el nombre de la propiedad Password de Data6 no es válido.
Línea 1749: el nombre de la propiedad RecordSource de Data6 no es válido.
Línea 1750: el nombre de la propiedad Caption de Data6 no es válido.
Línea 1760: el nombre de la propiedad _Version de Data6 no es válido.
