Línea 45: la clase MSAdodcLib.Adodc del control data3 no era una clase de control cargada.
Línea 92: la clase MSDataGridLib.DataGrid del control DataGrid2 no era una clase de control cargada.
Línea 419: la clase MSAdodcLib.Adodc del control Data1 no era una clase de control cargada.
Línea 466: la clase MSComctlLib.Toolbar del control Toolbar1 no era una clase de control cargada.
Línea 572: la clase MSAdodcLib.Adodc del control Data2 no era una clase de control cargada.
Línea 628: la clase MSDataGridLib.DataGrid del control DataGrid1 no era una clase de control cargada.
Línea 51: el nombre de la propiedad _ExtentX de data3 no es válido.
Línea 52: el nombre de la propiedad _ExtentY de data3 no es válido.
Línea 53: el nombre de la propiedad ConnectMode de data3 no es válido.
Línea 54: el nombre de la propiedad CursorLocation de data3 no es válido.
Línea 55: el nombre de la propiedad IsolationLevel de data3 no es válido.
Línea 56: el nombre de la propiedad ConnectionTimeout de data3 no es válido.
Línea 57: el nombre de la propiedad CommandTimeout de data3 no es válido.
Línea 58: el nombre de la propiedad CursorType de data3 no es válido.
Línea 59: el nombre de la propiedad LockType de data3 no es válido.
Línea 60: el nombre de la propiedad CommandType de data3 no es válido.
Línea 61: el nombre de la propiedad CursorOptions de data3 no es válido.
Línea 62: el nombre de la propiedad CacheSize de data3 no es válido.
Línea 63: el nombre de la propiedad MaxRecords de data3 no es válido.
Línea 64: el nombre de la propiedad BOFAction de data3 no es válido.
Línea 65: el nombre de la propiedad EOFAction de data3 no es válido.
Línea 66: el nombre de la propiedad ConnectStringType de data3 no es válido.
Línea 70: el nombre de la propiedad Orientation de data3 no es válido.
Línea 72: el nombre de la propiedad Connect de data3 no es válido.
Línea 73: el nombre de la propiedad OLEDBString de data3 no es válido.
Línea 74: el nombre de la propiedad OLEDBFile de data3 no es válido.
Línea 75: el nombre de la propiedad DataSourceName de data3 no es válido.
Línea 76: el nombre de la propiedad OtherAttributes de data3 no es válido.
Línea 77: el nombre de la propiedad UserName de data3 no es válido.
Línea 78: el nombre de la propiedad Password de data3 no es válido.
Línea 79: el nombre de la propiedad RecordSource de data3 no es válido.
Línea 80: el nombre de la propiedad Caption de data3 no es válido.
Línea 90: el nombre de la propiedad _Version de data3 no es válido.
Línea 98: el nombre de la propiedad _ExtentX de DataGrid2 no es válido.
Línea 99: el nombre de la propiedad _ExtentY de DataGrid2 no es válido.
Línea 100: el nombre de la propiedad _Version de DataGrid2 no es válido.
Línea 101: el nombre de la propiedad AllowUpdate de DataGrid2 no es válido.
Línea 102: el nombre de la propiedad HeadLines de DataGrid2 no es válido.
Línea 103: el nombre de la propiedad RowHeight de DataGrid2 no es válido.
Línea 104: el nombre de la propiedad FormatLocked de DataGrid2 no es válido.
Línea 113: el nombre de la propiedad HeadFont de DataGrid2 no es válido.
Línea 123: el nombre de la propiedad ColumnCount de DataGrid2 no es válido.
Línea 136: el nombre de la propiedad Column00 de DataGrid2 no es válido.
Línea 149: el nombre de la propiedad Column01 de DataGrid2 no es válido.
Línea 150: el nombre de la propiedad SplitCount de DataGrid2 no es válido.
Línea 157: el nombre de la propiedad Split0 de DataGrid2 no es válido.
Línea 425: el nombre de la propiedad _ExtentX de Data1 no es válido.
Línea 426: el nombre de la propiedad _ExtentY de Data1 no es válido.
Línea 427: el nombre de la propiedad ConnectMode de Data1 no es válido.
Línea 428: el nombre de la propiedad CursorLocation de Data1 no es válido.
Línea 429: el nombre de la propiedad IsolationLevel de Data1 no es válido.
Línea 430: el nombre de la propiedad ConnectionTimeout de Data1 no es válido.
Línea 431: el nombre de la propiedad CommandTimeout de Data1 no es válido.
Línea 432: el nombre de la propiedad CursorType de Data1 no es válido.
Línea 433: el nombre de la propiedad LockType de Data1 no es válido.
Línea 434: el nombre de la propiedad CommandType de Data1 no es válido.
Línea 435: el nombre de la propiedad CursorOptions de Data1 no es válido.
Línea 436: el nombre de la propiedad CacheSize de Data1 no es válido.
Línea 437: el nombre de la propiedad MaxRecords de Data1 no es válido.
Línea 438: el nombre de la propiedad BOFAction de Data1 no es válido.
Línea 439: el nombre de la propiedad EOFAction de Data1 no es válido.
Línea 440: el nombre de la propiedad ConnectStringType de Data1 no es válido.
Línea 444: el nombre de la propiedad Orientation de Data1 no es válido.
Línea 446: el nombre de la propiedad Connect de Data1 no es válido.
Línea 447: el nombre de la propiedad OLEDBString de Data1 no es válido.
Línea 448: el nombre de la propiedad OLEDBFile de Data1 no es válido.
Línea 449: el nombre de la propiedad DataSourceName de Data1 no es válido.
Línea 450: el nombre de la propiedad OtherAttributes de Data1 no es válido.
Línea 451: el nombre de la propiedad UserName de Data1 no es válido.
Línea 452: el nombre de la propiedad Password de Data1 no es válido.
Línea 453: el nombre de la propiedad RecordSource de Data1 no es válido.
Línea 454: el nombre de la propiedad Caption de Data1 no es válido.
Línea 464: el nombre de la propiedad _Version de Data1 no es válido.
Línea 473: el nombre de la propiedad _ExtentX de Toolbar1 no es válido.
Línea 474: el nombre de la propiedad _ExtentY de Toolbar1 no es válido.
Línea 475: el nombre de la propiedad ButtonWidth de Toolbar1 no es válido.
Línea 476: el nombre de la propiedad ButtonHeight de Toolbar1 no es válido.
Línea 477: el nombre de la propiedad AllowCustomize de Toolbar1 no es válido.
Línea 479: el nombre de la propiedad _Version de Toolbar1 no es válido.
Línea 562: el nombre de la propiedad Buttons de Toolbar1 no es válido.
Línea 578: el nombre de la propiedad _ExtentX de Data2 no es válido.
Línea 579: el nombre de la propiedad _ExtentY de Data2 no es válido.
Línea 580: el nombre de la propiedad ConnectMode de Data2 no es válido.
Línea 581: el nombre de la propiedad CursorLocation de Data2 no es válido.
Línea 582: el nombre de la propiedad IsolationLevel de Data2 no es válido.
Línea 583: el nombre de la propiedad ConnectionTimeout de Data2 no es válido.
Línea 584: el nombre de la propiedad CommandTimeout de Data2 no es válido.
Línea 585: el nombre de la propiedad CursorType de Data2 no es válido.
Línea 586: el nombre de la propiedad LockType de Data2 no es válido.
Línea 587: el nombre de la propiedad CommandType de Data2 no es válido.
Línea 588: el nombre de la propiedad CursorOptions de Data2 no es válido.
Línea 589: el nombre de la propiedad CacheSize de Data2 no es válido.
Línea 590: el nombre de la propiedad MaxRecords de Data2 no es válido.
Línea 591: el nombre de la propiedad BOFAction de Data2 no es válido.
Línea 592: el nombre de la propiedad EOFAction de Data2 no es válido.
Línea 593: el nombre de la propiedad ConnectStringType de Data2 no es válido.
Línea 597: el nombre de la propiedad Orientation de Data2 no es válido.
Línea 599: el nombre de la propiedad Connect de Data2 no es válido.
Línea 600: el nombre de la propiedad OLEDBString de Data2 no es válido.
Línea 601: el nombre de la propiedad OLEDBFile de Data2 no es válido.
Línea 602: el nombre de la propiedad DataSourceName de Data2 no es válido.
Línea 603: el nombre de la propiedad OtherAttributes de Data2 no es válido.
Línea 604: el nombre de la propiedad UserName de Data2 no es válido.
Línea 605: el nombre de la propiedad Password de Data2 no es válido.
Línea 606: el nombre de la propiedad RecordSource de Data2 no es válido.
Línea 607: el nombre de la propiedad Caption de Data2 no es válido.
Línea 617: el nombre de la propiedad _Version de Data2 no es válido.
Línea 629: el nombre de la propiedad Bindings de DataGrid1 no es válido.
Línea 635: el nombre de la propiedad _ExtentX de DataGrid1 no es válido.
Línea 636: el nombre de la propiedad _ExtentY de DataGrid1 no es válido.
Línea 637: el nombre de la propiedad _Version de DataGrid1 no es válido.
Línea 638: el nombre de la propiedad AllowUpdate de DataGrid1 no es válido.
Línea 639: el nombre de la propiedad AllowArrows de DataGrid1 no es válido.
Línea 640: el nombre de la propiedad ColumnHeaders de DataGrid1 no es válido.
Línea 641: el nombre de la propiedad HeadLines de DataGrid1 no es válido.
Línea 642: el nombre de la propiedad RowHeight de DataGrid1 no es válido.
Línea 643: el nombre de la propiedad FormatLocked de DataGrid1 no es válido.
Línea 652: el nombre de la propiedad HeadFont de DataGrid1 no es válido.
Línea 662: el nombre de la propiedad ColumnCount de DataGrid1 no es válido.
Línea 675: el nombre de la propiedad Column00 de DataGrid1 no es válido.
Línea 688: el nombre de la propiedad Column01 de DataGrid1 no es válido.
Línea 689: el nombre de la propiedad SplitCount de DataGrid1 no es válido.
Línea 696: el nombre de la propiedad Split0 de DataGrid1 no es válido.
